<?xml version="1.0" encoding="UTF-8"?>
<testsuite xmlns:xsi="http://www.w3.org/2001/XMLSchema-instance" xsi:noNamespaceSchemaLocation="https://maven.apache.org/surefire/maven-surefire-plugin/xsd/surefire-test-report-3.0.xsd" version="3.0" name="de.exxcellent.challenge.AppTest" time="0.153" tests="1" errors="0" skipped="0" failures="0">
  <properties>
    <property name="java.specification.version" value="15"/>
    <property name="sun.cpu.isalist" value="amd64"/>
    <property name="sun.jnu.encoding" value="Cp1252"/>
    <property name="java.class.path" value="C:\Users\mathi\Desktop\codingChallange\programming-challenge\target\test-classes;C:\Users\mathi\Desktop\codingChallange\programming-challenge\target\classes;C:\Users\mathi\.m2\repository\com\opencsv\opencsv\5.7.0\opencsv-5.7.0.jar;C:\Users\mathi\.m2\repository\org\apache\commons\commons-lang3\3.12.0\commons-lang3-3.12.0.jar;C:\Users\mathi\.m2\repository\org\apache\commons\commons-text\1.9\commons-text-1.9.jar;C:\Users\mathi\.m2\repository\commons-beanutils\commons-beanutils\1.9.4\commons-beanutils-1.9.4.jar;C:\Users\mathi\.m2\repository\commons-logging\commons-logging\1.2\commons-logging-1.2.jar;C:\Users\mathi\.m2\repository\commons-collections\commons-collections\3.2.2\commons-collections-3.2.2.jar;C:\Users\mathi\.m2\repository\org\apache\commons\commons-collections4\4.4\commons-collections4-4.4.jar;C:\Users\mathi\.m2\repository\org\junit\jupiter\junit-jupiter-engine\5.8.0-M1\junit-jupiter-engine-5.8.0-M1.jar;C:\Users\mathi\.m2\repository\org\apiguardian\apiguardian-api\1.1.1\apiguardian-api-1.1.1.jar;C:\Users\mathi\.m2\repository\org\junit\platform\junit-platform-engine\1.8.0-M1\junit-platform-engine-1.8.0-M1.jar;C:\Users\mathi\.m2\repository\org\opentest4j\opentest4j\1.2.0\opentest4j-1.2.0.jar;C:\Users\mathi\.m2\repository\org\junit\platform\junit-platform-commons\1.8.0-M1\junit-platform-commons-1.8.0-M1.jar;C:\Users\mathi\.m2\repository\org\junit\jupiter\junit-jupiter-api\5.8.0-M1\junit-jupiter-api-5.8.0-M1.jar;C:\Users\mathi\.m2\repository\org\jetbrains\kotlin\kotlin-stdlib-jdk8\1.4.20\kotlin-stdlib-jdk8-1.4.20.jar;C:\Users\mathi\.m2\repository\org\jetbrains\kotlin\kotlin-stdlib\1.4.20\kotlin-stdlib-1.4.20.jar;C:\Users\mathi\.m2\repository\org\jetbrains\kotlin\kotlin-stdlib-common\1.4.20\kotlin-stdlib-common-1.4.20.jar;C:\Users\mathi\.m2\repository\org\jetbrains\annotations\13.0\annotations-13.0.jar;C:\Users\mathi\.m2\repository\org\jetbrains\kotlin\kotlin-stdlib-jdk7\1.4.20\kotlin-stdlib-jdk7-1.4.20.jar;"/>
    <property name="java.vm.vendor" value="Oracle Corporation"/>
    <property name="sun.arch.data.model" value="64"/>
    <property name="user.variant" value=""/>
    <property name="java.vendor.url" value="https://java.oracle.com/"/>
    <property name="user.timezone" value="Europe/Berlin"/>
    <property name="os.name" value="Windows 10"/>
    <property name="java.vm.specification.version" value="15"/>
    <property name="sun.java.launcher" value="SUN_STANDARD"/>
    <property name="user.country" value="ES"/>
    <property name="sun.boot.library.path" value="C:\Program Files\Java\jdk-15\bin"/>
    <property name="sun.java.command" value="C:\Users\mathi\AppData\Local\Temp\surefire15807166823615657582\surefirebooter11683417129817683120.jar C:\Users\mathi\AppData\Local\Temp\surefire15807166823615657582 2022-09-27T18-02-14_487-jvmRun1 surefire3256296263731914127tmp surefire_02373901973678797433tmp"/>
    <property name="jdk.debug" value="release"/>
    <property name="surefire.test.class.path" value="C:\Users\mathi\Desktop\codingChallange\programming-challenge\target\test-classes;C:\Users\mathi\Desktop\codingChallange\programming-challenge\target\classes;C:\Users\mathi\.m2\repository\com\opencsv\opencsv\5.7.0\opencsv-5.7.0.jar;C:\Users\mathi\.m2\repository\org\apache\commons\commons-lang3\3.12.0\commons-lang3-3.12.0.jar;C:\Users\mathi\.m2\repository\org\apache\commons\commons-text\1.9\commons-text-1.9.jar;C:\Users\mathi\.m2\repository\commons-beanutils\commons-beanutils\1.9.4\commons-beanutils-1.9.4.jar;C:\Users\mathi\.m2\repository\commons-logging\commons-logging\1.2\commons-logging-1.2.jar;C:\Users\mathi\.m2\repository\commons-collections\commons-collections\3.2.2\commons-collections-3.2.2.jar;C:\Users\mathi\.m2\repository\org\apache\commons\commons-collections4\4.4\commons-collections4-4.4.jar;C:\Users\mathi\.m2\repository\org\junit\jupiter\junit-jupiter-engine\5.8.0-M1\junit-jupiter-engine-5.8.0-M1.jar;C:\Users\mathi\.m2\repository\org\apiguardian\apiguardian-api\1.1.1\apiguardian-api-1.1.1.jar;C:\Users\mathi\.m2\repository\org\junit\platform\junit-platform-engine\1.8.0-M1\junit-platform-engine-1.8.0-M1.jar;C:\Users\mathi\.m2\repository\org\opentest4j\opentest4j\1.2.0\opentest4j-1.2.0.jar;C:\Users\mathi\.m2\repository\org\junit\platform\junit-platform-commons\1.8.0-M1\junit-platform-commons-1.8.0-M1.jar;C:\Users\mathi\.m2\repository\org\junit\jupiter\junit-jupiter-api\5.8.0-M1\junit-jupiter-api-5.8.0-M1.jar;C:\Users\mathi\.m2\repository\org\jetbrains\kotlin\kotlin-stdlib-jdk8\1.4.20\kotlin-stdlib-jdk8-1.4.20.jar;C:\Users\mathi\.m2\repository\org\jetbrains\kotlin\kotlin-stdlib\1.4.20\kotlin-stdlib-1.4.20.jar;C:\Users\mathi\.m2\repository\org\jetbrains\kotlin\kotlin-stdlib-common\1.4.20\kotlin-stdlib-common-1.4.20.jar;C:\Users\mathi\.m2\repository\org\jetbrains\annotations\13.0\annotations-13.0.jar;C:\Users\mathi\.m2\repository\org\jetbrains\kotlin\kotlin-stdlib-jdk7\1.4.20\kotlin-stdlib-jdk7-1.4.20.jar;"/>
    <property name="sun.cpu.endian" value="little"/>
    <property name="user.home" value="C:\Users\mathi"/>
    <property name="user.language" value="es"/>
    <property name="java.specification.vendor" value="Oracle Corporation"/>
    <property name="java.version.date" value="2020-09-15"/>
    <property name="java.home" value="C:\Program Files\Java\jdk-15"/>
    <property name="file.separator" value="\"/>
    <property name="basedir" value="C:\Users\mathi\Desktop\codingChallange\programming-challenge"/>
    <property name="java.vm.compressedOopsMode" value="32-bit"/>
    <property name="line.separator" value="&#10;"/>
    <property name="java.vm.specification.vendor" value="Oracle Corporation"/>
    <property name="java.specification.name" value="Java Platform API Specification"/>
    <property name="surefire.real.class.path" value="C:\Users\mathi\AppData\Local\Temp\surefire15807166823615657582\surefirebooter11683417129817683120.jar"/>
    <property name="user.script" value=""/>
    <property name="sun.management.compiler" value="HotSpot 64-Bit Tiered Compilers"/>
    <property name="java.runtime.version" value="15+36-1562"/>
    <property name="user.name" value="mathi"/>
    <property name="path.separator" value=";"/>
    <property name="os.version" value="10.0"/>
    <property name="java.runtime.name" value="Java(TM) SE Runtime Environment"/>
    <property name="file.encoding" value="Cp1252"/>
    <property name="java.vm.name" value="Java HotSpot(TM) 64-Bit Server VM"/>
    <property name="localRepository" value="C:\Users\mathi\.m2\repository"/>
    <property name="java.vendor.url.bug" value="https://bugreport.java.com/bugreport/"/>
    <property name="java.io.tmpdir" value="C:\Users\mathi\AppData\Local\Temp\"/>
    <property name="idea.version" value="2022.2.2"/>
    <property name="java.version" value="15"/>
    <property name="user.dir" value="C:\Users\mathi\Desktop\codingChallange\programming-challenge"/>
    <property name="os.arch" value="amd64"/>
    <property name="java.vm.specification.name" value="Java Virtual Machine Specification"/>
    <property name="sun.os.patch.level" value=""/>
    <property name="java.library.path" value="C:\Program Files\Java\jdk-15\bin;C:\WINDOWS\Sun\Java\bin;C:\WINDOWS\system32;C:\WINDOWS;C:\Program Files\Eclipse Adoptium\jdk-11.0.16.101-hotspot\bin;C:\Program Files\Microsoft MPI\Bin\;C:\Program Files\NVIDIA GPU Computing Toolkit\CUDA\v11.4\bin;C:\Program Files\NVIDIA GPU Computing Toolkit\CUDA\v11.4\libnvvp;C:\Program Files\NVIDIA GPU Computing Toolkit\CUDA\v11.3\bin;C:\Program Files\NVIDIA GPU Computing Toolkit\CUDA\v11.3\libnvvp;C:\Python39\Scripts\;C:\Python39\;C:\Program Files\Java\jdk1.8.0_261\bin;C:\Program Files\Common Files\Oracle\Java\javapath;C:\Program Files (x86)\Common Files\Oracle\Java\javapath;C:\Program Files (x86)\Razer Chroma SDK\bin;C:\Program Files\Razer Chroma SDK\bin;C:\Windows\system32;C:\Windows;C:\Windows\System32\Wbem;C:\Windows\System32\WindowsPowerShell\v1.0\;C:\Windows\System32\OpenSSH\;C:\Program Files\NVIDIA Corporation\NVIDIA NvDLISR;C:\Program Files (x86)\NVIDIA Corporation\PhysX\Common;C:\Users\mathi\AppData\Local\Microsoft\WindowsApps;C:\Program Files\dotnet\;C:\Program Files\Microsoft SQL Server\130\Tools\Binn\;C:\Program Files\Microsoft SQL Server\Client SDK\ODBC\170\Tools\Binn\;C:\Program Files\MySQL\MySQL Server 8.0\bin;C:\Users\mathi\anaconda3;C:\Program Files (x86)\Microsoft SQL Server\150\Tools\Binn\;C:\Program Files\Microsoft SQL Server\150\Tools\Binn\;C:\Program Files\Microsoft SQL Server\150\DTS\Binn\;C:\Program Files (x86)\Microsoft SQL Server\150\DTS\Binn\;C:\Program Files\Azure Data Studio\bin;C:\ProgramData\chocolatey\bin;E:\NodeJS\;C:\WINDOWS\system32;C:\WINDOWS;C:\WINDOWS\System32\Wbem;C:\WINDOWS\System32\WindowsPowerShell\v1.0\;C:\WINDOWS\System32\OpenSSH\;E:\Ciberseguridad\aircrack-ng-1.6-win\bin;C:\Program Files (x86)\QuickTime\QTSystem\;C:\Program Files\NVIDIA Corporation\Nsight Compute 2021.2.2\;E:\Archivos de Programas\Matlab\bin;C:\Program Files\nodejs\;C:\Program Files\Git\cmd;C:\Program Files\Docker\Docker\resources\bin;C:\ProgramData\DockerDesktop\version-bin;C:\Users\mathi\AppData\Local\Programs\Python\Python310\Scripts\;C:\Users\mathi\AppData\Local\Programs\Python\Python310\;C:\Users\mathi\anaconda3;C:\Users\mathi\anaconda3\Library\mingw-w64\bin;C:\Users\mathi\anaconda3\Library\usr\bin;C:\Users\mathi\anaconda3\Library\bin;C:\Users\mathi\anaconda3\Scripts;C:\Users\mathi\AppData\Local\Microsoft\WindowsApps;C:\Users\mathi\AppData\Local\Programs\Microsoft VS Code\bin;C:\MinGW\bin;E:\sqlmap-master\sqlmap-master;C:\Program Files\JetBrains\PhpStorm 2020.2.3\bin;C:\Program Files (x86)\Nmap;C:\Program Files\heroku\bin;C:\Users\mathi\.dotnet\tools;C:\Program Files\Azure Data Studio\bin;C:\Users\mathi\AppData\Local\Microsoft\WindowsApps;C:\Program Files\JetBrains\WebStorm 2021.1\bin;;C:\Users\mathi\AppData\Roaming\npm;C:\Program Files\JetBrains\IntelliJ IDEA 2022.2.2\bin;;."/>
    <property name="java.vm.info" value="mixed mode, sharing"/>
    <property name="java.vendor" value="Oracle Corporation"/>
    <property name="java.vm.version" value="15+36-1562"/>
    <property name="sun.io.unicode.encoding" value="UnicodeLittle"/>
    <property name="java.class.version" value="59.0"/>
  </properties>
  <testcase name="getCsvResults" classname="de.exxcellent.challenge.AppTest" time="0.12">
    <system-out><![CDATA[27/09/2022 18:02:16 [INFO] Football CSV FileContent -> [[[Team, Games, Wins, Losses, Draws, Goals, Goals Allowed, Points], [Arsenal, 38, 26, 9, 3, 79, 36, 87], [Liverpool, 38, 24, 8, 6, 67, 30, 80], [Manchester United, 38, 24, 5, 9, 87, 45, 77], [Newcastle, 38, 21, 8, 9, 74, 52, 71], [Leeds, 38, 18, 12, 8, 53, 37, 66], [Chelsea, 38, 17, 13, 8, 66, 38, 64]]]
27/09/2022 18:02:16 [INFO] Football CSV Dict -> {Liverpool={Points=80, Losses=8, Goals Allowed=30, Games=38, Team=Liverpool, Draws=6, Goals=67, Wins=24}, Leeds={Points=66, Losses=12, Goals Allowed=37, Games=38, Team=Leeds, Draws=8, Goals=53, Wins=18}, Arsenal={Points=87, Losses=9, Goals Allowed=36, Games=38, Team=Arsenal, Draws=3, Goals=79, Wins=26}, Chelsea={Points=64, Losses=13, Goals Allowed=38, Games=38, Team=Chelsea, Draws=8, Goals=66, Wins=17}, Manchester United={Points=77, Losses=5, Goals Allowed=45, Games=38, Team=Manchester United, Draws=9, Goals=87, Wins=24}, Newcastle={Points=71, Losses=8, Goals Allowed=52, Games=38, Team=Newcastle, Draws=9, Goals=74, Wins=21}}
27/09/2022 18:02:16 TEST CSV FOOTBALL TEAM = [Leeds]
27/09/2022 18:02:16 TEST CSV FOOTBALL ABSOLUTE DISTANCE = [16.0]
]]></system-out>
  </testcase>
</testsuite>